# JRE version: OpenJDK Runtime Environment (8.0_131-b11) (build 1.8.0_131-8u131-b11-2ubuntu1.16.04.3-b11)
# Java VM: OpenJDK 64-Bit Server VM (25.131-b11 mixed mode linux-amd64 compressed oops)
Heap:
 PSYoungGen      total 65536K, used 5111K [0x00000000d7b00000, 0x00000000dc200000, 0x0000000100000000)
  eden space 60416K, 0% used [0x00000000d7b00000,0x00000000d7b00000,0x00000000db600000)
  from space 5120K, 99% used [0x00000000dbd00000,0x00000000dc1fdc68,0x00000000dc200000)
  to   space 5120K, 0% used [0x00000000db600000,0x00000000db600000,0x00000000dbb00000)
 ParOldGen       total 83456K, used 3570K [0x0000000087000000, 0x000000008c180000, 0x00000000d7b00000)
  object space 83456K, 4% used [0x0000000087000000,0x000000008737ca48,0x000000008c180000)
 Metaspace       used 17528K, capacity 17832K, committed 18048K, reserved 1064960K
  class space    used 2046K, capacity 2125K, committed 2176K, reserved 1048576K
GC Heap History (7 events):
Event: 28,425 GC heap before
{Heap before GC invocations=1 (full 0):
 PSYoungGen      total 36352K, used 31213K [0x00000000d7b00000, 0x00000000da380000, 0x0000000100000000)
  eden space 31232K, 99% used [0x00000000d7b00000,0x00000000d997b7f0,0x00000000d9980000)
  from space 5120K, 0% used [0x00000000d9e80000,0x00000000d9e80000,0x00000000da380000)
  to   space 5120K, 0% used [0x00000000d9980000,0x00000000d9980000,0x00000000d9e80000)
 ParOldGen       total 83456K, used 0K [0x0000000087000000, 0x000000008c180000, 0x00000000d7b00000)
  object space 83456K, 0% used [0x0000000087000000,0x0000000087000000,0x000000008c180000)
 Metaspace       used 6561K, capacity 6698K, committed 6912K, reserved 1056768K
  class space    used 747K, capacity 759K, committed 768K, reserved 1048576K
Event: 28,892 GC heap after
Heap after GC invocations=1 (full 0):
 PSYoungGen      total 36352K, used 3382K [0x00000000d7b00000, 0x00000000dc200000, 0x0000000100000000)
  eden space 31232K, 0% used [0x00000000d7b00000,0x00000000d7b00000,0x00000000d9980000)
  from space 5120K, 66% used [0x00000000d9980000,0x00000000d9ccd8b0,0x00000000d9e80000)
  to   space 5120K, 0% used [0x00000000dbd00000,0x00000000dbd00000,0x00000000dc200000)
 ParOldGen       total 83456K, used 8K [0x0000000087000000, 0x000000008c180000, 0x00000000d7b00000)
  object space 83456K, 0% used [0x0000000087000000,0x0000000087002000,0x000000008c180000)
 Metaspace       used 6561K, capacity 6698K, committed 6912K, reserved 1056768K
  class space    used 747K, capacity 759K, committed 768K, reserved 1048576K
}
Event: 33,682 GC heap before
{Heap before GC invocations=2 (full 0):
 PSYoungGen      total 36352K, used 34614K [0x00000000d7b00000, 0x00000000dc200000, 0x0000000100000000)
  eden space 31232K, 100% used [0x00000000d7b00000,0x00000000d9980000,0x00000000d9980000)
  from space 5120K, 66% used [0x00000000d9980000,0x00000000d9ccd8b0,0x00000000d9e80000)
  to   space 5120K, 0% used [0x00000000dbd00000,0x00000000dbd00000,0x00000000dc200000)
 ParOldGen       total 83456K, used 8K [0x0000000087000000, 0x000000008c180000, 0x00000000d7b00000)
  object space 83456K, 0% used [0x0000000087000000,0x0000000087002000,0x000000008c180000)
 Metaspace       used 7762K, capacity 7888K, committed 8192K, reserved 1056768K
  class space    used 900K, capacity 921K, committed 1024K, reserved 1048576K
Event: 33,685 GC heap after
Heap after GC invocations=2 (full 0):
 PSYoungGen      total 34304K, used 3008K [0x00000000d7b00000, 0x00000000dc000000, 0x0000000100000000)
  eden space 31232K, 0% used [0x00000000d7b00000,0x00000000d7b00000,0x00000000d9980000)
  from space 3072K, 97% used [0x00000000dbd00000,0x00000000dbff01f8,0x00000000dc000000)
  to   space 5120K, 0% used [0x00000000db600000,0x00000000db600000,0x00000000dbb00000)
 ParOldGen       total 83456K, used 16K [0x0000000087000000, 0x000000008c180000, 0x00000000d7b00000)
  object space 83456K, 0% used [0x0000000087000000,0x0000000087004000,0x000000008c180000)
 Metaspace       used 7762K, capacity 7888K, committed 8192K, reserved 1056768K
  class space    used 900K, capacity 921K, committed 1024K, reserved 1048576K
}
Event: 48,305 GC heap before
{Heap before GC invocations=3 (full 0):
 PSYoungGen      total 34304K, used 34240K [0x00000000d7b00000, 0x00000000dc000000, 0x0000000100000000)
  eden space 31232K, 100% used [0x00000000d7b00000,0x00000000d9980000,0x00000000d9980000)
  from space 3072K, 97% used [0x00000000dbd00000,0x00000000dbff01f8,0x00000000dc000000)
  to   space 5120K, 0% used [0x00000000db600000,0x00000000db600000,0x00000000dbb00000)
 ParOldGen       total 83456K, used 16K [0x0000000087000000, 0x000000008c180000, 0x00000000d7b00000)
  object space 83456K, 0% used [0x0000000087000000,0x0000000087004000,0x000000008c180000)
 Metaspace       used 10640K, capacity 10832K, committed 11136K, reserved 1058816K
  class space    used 1270K, capacity 1305K, committed 1408K, reserved 1048576K
Event: 49,093 GC heap after
Heap after GC invocations=3 (full 0):
 PSYoungGen      total 65536K, used 4566K [0x00000000d7b00000, 0x00000000dc200000, 0x0000000100000000)
  eden space 60416K, 0% used [0x00000000d7b00000,0x00000000d7b00000,0x00000000db600000)
  from space 5120K, 89% used [0x00000000db600000,0x00000000dba75bb0,0x00000000dbb00000)
  to   space 5120K, 0% used [0x00000000dbd00000,0x00000000dbd00000,0x00000000dc200000)
 ParOldGen       total 83456K, used 24K [0x0000000087000000, 0x000000008c180000, 0x00000000d7b00000)
  object space 83456K, 0% used [0x0000000087000000,0x0000000087006000,0x000000008c180000)
 Metaspace       used 10640K, capacity 10832K, committed 11136K, reserved 1058816K
  class space    used 1270K, capacity 1305K, committed 1408K, reserved 1048576K
}
Event: 110,484 GC heap before
{Heap before GC invocations=4 (full 0):
 PSYoungGen      total 65536K, used 64982K [0x00000000d7b00000, 0x00000000dc200000, 0x0000000100000000)
  eden space 60416K, 100% used [0x00000000d7b00000,0x00000000db600000,0x00000000db600000)
  from space 5120K, 89% used [0x00000000db600000,0x00000000dba75bb0,0x00000000dbb00000)
  to   space 5120K, 0% used [0x00000000dbd00000,0x00000000dbd00000,0x00000000dc200000)
 ParOldGen       total 83456K, used 24K [0x0000000087000000, 0x000000008c180000, 0x00000000d7b00000)
  object space 83456K, 0% used [0x0000000087000000,0x0000000087006000,0x000000008c180000)
 Metaspace       used 17528K, capacity 17832K, committed 18048K, reserved 1064960K
  class space    used 2046K, capacity 2125K, committed 2176K, reserved 1048576K

