# JRE version: OpenJDK Runtime Environment (8.0_131-b11) (build 1.8.0_131-8u131-b11-2ubuntu1.16.04.3-b11)
# Java VM: OpenJDK 64-Bit Server VM (25.131-b11 mixed mode linux-amd64 compressed oops)
Heap:
 PSYoungGen      total 365568K, used 12813K [0x00000000d7b00000, 0x00000000ef180000, 0x0000000100000000)
  eden space 347648K, 0% used [0x00000000d7b00000,0x00000000d7b00000,0x00000000ece80000)
  from space 17920K, 71% used [0x00000000ece80000,0x00000000edb035e0,0x00000000ee000000)
  to   space 16896K, 0% used [0x00000000ee100000,0x00000000ee100000,0x00000000ef180000)
 ParOldGen       total 94208K, used 31262K [0x0000000087000000, 0x000000008cc00000, 0x00000000d7b00000)
  object space 94208K, 33% used [0x0000000087000000,0x0000000088e87988,0x000000008cc00000)
 Metaspace       used 52626K, capacity 53748K, committed 53888K, reserved 1095680K
  class space    used 6797K, capacity 7022K, committed 7040K, reserved 1048576K
GC Heap History (10 events):
Event: 19,690 GC heap after
Heap after GC invocations=11 (full 2):
 PSYoungGen      total 224256K, used 0K [0x00000000d7b00000, 0x00000000eb800000, 0x0000000100000000)
  eden space 212480K, 0% used [0x00000000d7b00000,0x00000000d7b00000,0x00000000e4a80000)
  from space 11776K, 0% used [0x00000000e4a80000,0x00000000e4a80000,0x00000000e5600000)
  to   space 14848K, 0% used [0x00000000ea980000,0x00000000ea980000,0x00000000eb800000)
 ParOldGen       total 94208K, used 26513K [0x0000000087000000, 0x000000008cc00000, 0x00000000d7b00000)
  object space 94208K, 28% used [0x0000000087000000,0x00000000889e47a0,0x000000008cc00000)
 Metaspace       used 34693K, capacity 35258K, committed 35456K, reserved 1079296K
  class space    used 4434K, capacity 4615K, committed 4736K, reserved 1048576K
}
Event: 21,612 GC heap before
{Heap before GC invocations=12 (full 2):
 PSYoungGen      total 224256K, used 212480K [0x00000000d7b00000, 0x00000000eb800000, 0x0000000100000000)
  eden space 212480K, 100% used [0x00000000d7b00000,0x00000000e4a80000,0x00000000e4a80000)
  from space 11776K, 0% used [0x00000000e4a80000,0x00000000e4a80000,0x00000000e5600000)
  to   space 14848K, 0% used [0x00000000ea980000,0x00000000ea980000,0x00000000eb800000)
 ParOldGen       total 94208K, used 26513K [0x0000000087000000, 0x000000008cc00000, 0x00000000d7b00000)
  object space 94208K, 28% used [0x0000000087000000,0x00000000889e47a0,0x000000008cc00000)
 Metaspace       used 44477K, capacity 45196K, committed 45440K, reserved 1089536K
  class space    used 5754K, capacity 5930K, committed 6016K, reserved 1048576K
Event: 21,635 GC heap after
Heap after GC invocations=12 (full 2):
 PSYoungGen      total 288256K, used 14828K [0x00000000d7b00000, 0x00000000eb800000, 0x0000000100000000)
  eden space 273408K, 0% used [0x00000000d7b00000,0x00000000d7b00000,0x00000000e8600000)
  from space 14848K, 99% used [0x00000000ea980000,0x00000000eb7fb248,0x00000000eb800000)
  to   space 17408K, 0% used [0x00000000e9600000,0x00000000e9600000,0x00000000ea700000)
 ParOldGen       total 94208K, used 28735K [0x0000000087000000, 0x000000008cc00000, 0x00000000d7b00000)
  object space 94208K, 30% used [0x0000000087000000,0x0000000088c0fc78,0x000000008cc00000)
 Metaspace       used 44477K, capacity 45196K, committed 45440K, reserved 1089536K
  class space    used 5754K, capacity 5930K, committed 6016K, reserved 1048576K
}
Event: 139,828 GC heap before
{Heap before GC invocations=13 (full 2):
 PSYoungGen      total 288256K, used 288236K [0x00000000d7b00000, 0x00000000eb800000, 0x0000000100000000)
  eden space 273408K, 100% used [0x00000000d7b00000,0x00000000e8600000,0x00000000e8600000)
  from space 14848K, 99% used [0x00000000ea980000,0x00000000eb7fb248,0x00000000eb800000)
  to   space 17408K, 0% used [0x00000000e9600000,0x00000000e9600000,0x00000000ea700000)
 ParOldGen       total 94208K, used 28735K [0x0000000087000000, 0x000000008cc00000, 0x00000000d7b00000)
  object space 94208K, 30% used [0x0000000087000000,0x0000000088c0fc78,0x000000008cc00000)
 Metaspace       used 52066K, capacity 52984K, committed 53120K, reserved 1095680K
  class space    used 6730K, capacity 6927K, committed 7040K, reserved 1048576K
Event: 140,554 GC heap after
Heap after GC invocations=13 (full 2):
 PSYoungGen      total 307200K, used 15223K [0x00000000d7b00000, 0x00000000ef380000, 0x0000000100000000)
  eden space 289792K, 0% used [0x00000000d7b00000,0x00000000d7b00000,0x00000000e9600000)
  from space 17408K, 87% used [0x00000000e9600000,0x00000000ea4ddc38,0x00000000ea700000)
  to   space 18944K, 0% used [0x00000000ee100000,0x00000000ee100000,0x00000000ef380000)
 ParOldGen       total 94208K, used 36569K [0x0000000087000000, 0x000000008cc00000, 0x00000000d7b00000)
  object space 94208K, 38% used [0x0000000087000000,0x00000000893b65d8,0x000000008cc00000)
 Metaspace       used 52066K, capacity 52984K, committed 53120K, reserved 1095680K
  class space    used 6730K, capacity 6927K, committed 7040K, reserved 1048576K
}
Event: 755,778 GC heap before
{Heap before GC invocations=14 (full 2):
 PSYoungGen      total 307200K, used 217470K [0x00000000d7b00000, 0x00000000ef380000, 0x0000000100000000)
  eden space 289792K, 69% used [0x00000000d7b00000,0x00000000e4081df0,0x00000000e9600000)
  from space 17408K, 87% used [0x00000000e9600000,0x00000000ea4ddc38,0x00000000ea700000)
  to   space 18944K, 0% used [0x00000000ee100000,0x00000000ee100000,0x00000000ef380000)
 ParOldGen       total 94208K, used 36569K [0x0000000087000000, 0x000000008cc00000, 0x00000000d7b00000)
  object space 94208K, 38% used [0x0000000087000000,0x00000000893b65d8,0x000000008cc00000)
 Metaspace       used 52121K, capacity 52996K, committed 53120K, reserved 1095680K
  class space    used 6739K, capacity 6930K, committed 7040K, reserved 1048576K
Event: 756,216 GC heap after
Heap after GC invocations=14 (full 2):
 PSYoungGen      total 364544K, used 8478K [0x00000000d7b00000, 0x00000000ef180000, 0x0000000100000000)
  eden space 347648K, 0% used [0x00000000d7b00000,0x00000000d7b00000,0x00000000ece80000)
  from space 16896K, 50% used [0x00000000ee100000,0x00000000ee9478a0,0x00000000ef180000)
  to   space 17920K, 0% used [0x00000000ece80000,0x00000000ece80000,0x00000000ee000000)
 ParOldGen       total 94208K, used 36585K [0x0000000087000000, 0x000000008cc00000, 0x00000000d7b00000)
  object space 94208K, 38% used [0x0000000087000000,0x00000000893ba5f0,0x000000008cc00000)
 Metaspace       used 52121K, capacity 52996K, committed 53120K, reserved 1095680K
  class space    used 6739K, capacity 6930K, committed 7040K, reserved 1048576K
}
Event: 756,216 GC heap before
{Heap before GC invocations=15 (full 3):
 PSYoungGen      total 364544K, used 8478K [0x00000000d7b00000, 0x00000000ef180000, 0x0000000100000000)
  eden space 347648K, 0% used [0x00000000d7b00000,0x00000000d7b00000,0x00000000ece80000)
  from space 16896K, 50% used [0x00000000ee100000,0x00000000ee9478a0,0x00000000ef180000)
  to   space 17920K, 0% used [0x00000000ece80000,0x00000000ece80000,0x00000000ee000000)
 ParOldGen       total 94208K, used 36585K [0x0000000087000000, 0x000000008cc00000, 0x00000000d7b00000)
  object space 94208K, 38% used [0x0000000087000000,0x00000000893ba5f0,0x000000008cc00000)
 Metaspace       used 52121K, capacity 52996K, committed 53120K, reserved 1095680K
  class space    used 6739K, capacity 6930K, committed 7040K, reserved 1048576K
Event: 756,702 GC heap after
Heap after GC invocations=15 (full 3):
 PSYoungGen      total 364544K, used 0K [0x00000000d7b00000, 0x00000000ef180000, 0x0000000100000000)
  eden space 347648K, 0% used [0x00000000d7b00000,0x00000000d7b00000,0x00000000ece80000)
  from space 16896K, 0% used [0x00000000ee100000,0x00000000ee100000,0x00000000ef180000)
  to   space 17920K, 0% used [0x00000000ece80000,0x00000000ece80000,0x00000000ee000000)
 ParOldGen       total 94208K, used 31254K [0x0000000087000000, 0x000000008cc00000, 0x00000000d7b00000)
  object space 94208K, 33% used [0x0000000087000000,0x0000000088e85988,0x000000008cc00000)
 Metaspace       used 52121K, capacity 52996K, committed 53120K, reserved 1095680K
  class space    used 6739K, capacity 6930K, committed 7040K, reserved 1048576K
}
Event: 819,314 GC heap before
{Heap before GC invocations=16 (full 3):
 PSYoungGen      total 364544K, used 347648K [0x00000000d7b00000, 0x00000000ef180000, 0x0000000100000000)
  eden space 347648K, 100% used [0x00000000d7b00000,0x00000000ece80000,0x00000000ece80000)
  from space 16896K, 0% used [0x00000000ee100000,0x00000000ee100000,0x00000000ef180000)
  to   space 17920K, 0% used [0x00000000ece80000,0x00000000ece80000,0x00000000ee000000)
 ParOldGen       total 94208K, used 31254K [0x0000000087000000, 0x000000008cc00000, 0x00000000d7b00000)
  object space 94208K, 33% used [0x0000000087000000,0x0000000088e85988,0x000000008cc00000)
 Metaspace       used 52626K, capacity 53748K, committed 53888K, reserved 1095680K
  class space    used 6797K, capacity 7022K, committed 7040K, reserved 1048576K

